<?xml version="1.0" encoding="UTF-8"?>
<!-- Generated by org.testng.reporters.JUnitXMLReporter -->
<testsuite ignored="0" hostname="SWT-LTOP-610" failures="3" tests="6" name="Test(failed)" time="79.728" errors="0" timestamp="2026-01-24T16:42:51 IST">
  <testcase classname="testCases.TC003_LoginDDT" name="Verify_Login" time="16.252">
    <failure type="java.lang.AssertionError" message="expected [true] but found [false]">
      <![CDATA[java.lang.AssertionError: expected [true] but found [false]
at testCases.TC003_LoginDDT.Verify_Login(TC003_LoginDDT.java:55)
at java.base/java.util.ArrayList.forEach(ArrayList.java:1596)
... Removed 29 stack frames]]>
    </failure>
  </testcase> <!-- Verify_Login -->
  <testcase classname="testCases.TC003_LoginDDT" name="Verify_Login" time="6.487"/>
  <testcase classname="testCases.TC003_LoginDDT" name="Verify_Login" time="6.613"/>
  <testcase classname="testCases.TC003_LoginDDT" name="Verify_Login" time="16.001">
    <failure type="java.lang.AssertionError" message="expected [true] but found [false]">
      <![CDATA[java.lang.AssertionError: expected [true] but found [false]
at testCases.TC003_LoginDDT.Verify_Login(TC003_LoginDDT.java:62)
at java.base/java.util.ArrayList.forEach(ArrayList.java:1596)
... Removed 29 stack frames]]>
    </failure>
  </testcase> <!-- Verify_Login -->
  <testcase classname="testCases.TC003_LoginDDT" name="Verify_Login" time="16.131">
    <failure type="java.lang.AssertionError" message="expected [true] but found [false]">
      <![CDATA[java.lang.AssertionError: expected [true] but found [false]
at testCases.TC003_LoginDDT.Verify_Login(TC003_LoginDDT.java:62)
at java.base/java.util.ArrayList.forEach(ArrayList.java:1596)
... Removed 29 stack frames]]>
    </failure>
  </testcase> <!-- Verify_Login -->
  <testcase classname="testCases.TC003_LoginDDT" name="Verify_Login" time="15.482"/>
</testsuite> <!-- Test(failed) -->
