<?xml version="1.0" encoding="UTF-8"?>
<!-- Generated by org.testng.reporters.JUnitXMLReporter -->
<testsuite ignored="0" hostname="SWT-LTOP-610" failures="0" tests="4" name="Test" time="24.138" errors="0" timestamp="2026-03-12T15:59:11 IST">
  <testcase classname="pageObjects.OrangeaHRM" name="OpenApp" time="14.021"/>
  <testcase classname="pageObjects.OrangeaHRM" name="TestLogo" time="6.37"/>
  <testcase classname="pageObjects.OrangeaHRM" name="Login" time="0.483"/>
  <testcase classname="pageObjects.OrangeaHRM" name="close" time="3.175"/>
</testsuite> <!-- Test -->
